<?xml version="1.0" encoding="UTF-8"?>
<!-- Generated by org.testng.reporters.JUnitReportReporter -->
<testsuite skipped="0" hostname="Hashworks-010" name="com.hashworks.testing.SeliniumJenkins.FacebookTest" tests="1" failures="0" timestamp="14 Feb 2018 13:10:57 GMT" time="3.335" errors="0">
  <testcase name="testFacebook" time="3.335" classname="com.hashworks.testing.SeliniumJenkins.FacebookTest"/>
</testsuite> <!-- com.hashworks.testing.SeliniumJenkins.FacebookTest -->
